<?xml version="1.0" encoding="UTF-8"?>
<testsuite name="org.apache.commons.math3.linear.EigenDecompositionTest" time="0.083" tests="28" errors="0" skipped="2" failures="0">
  <properties>
[...]
</properties>
  <testcase name="testNormalDistributionUnsymmetricMatrix" classname="org.apache.commons.math3.linear.EigenDecompositionTest" time="0">
    <skipped/>
  </testcase>
  <testcase name="testSquareRootNonSymmetric" classname="org.apache.commons.math3.linear.EigenDecompositionTest" time="0.001"/>
  <testcase name="testDimension4WithoutSplit" classname="org.apache.commons.math3.linear.EigenDecompositionTest" time="0"/>
  <testcase name="testUnsymmetric" classname="org.apache.commons.math3.linear.EigenDecompositionTest" time="0.001"/>
  <testcase name="testEigenvectors" classname="org.apache.commons.math3.linear.EigenDecompositionTest" time="0.001"/>
  <testcase name="testTridiagonal" classname="org.apache.commons.math3.linear.EigenDecompositionTest" time="0.002"/>
  <testcase name="testDimension1" classname="org.apache.commons.math3.linear.EigenDecompositionTest" time="0"/>
  <testcase name="testDimension2" classname="org.apache.commons.math3.linear.EigenDecompositionTest" time="0"/>
  <testcase name="testDimension3" classname="org.apache.commons.math3.linear.EigenDecompositionTest" time="0"/>
  <testcase name="testDimensions" classname="org.apache.commons.math3.linear.EigenDecompositionTest" time="0"/>
  <testcase name="testSquareRootNonPositiveDefinite" classname="org.apache.commons.math3.linear.EigenDecompositionTest" time="0"/>
  <testcase name="testEigenvalues" classname="org.apache.commons.math3.linear.EigenDecompositionTest" time="0"/>
  <testcase name="testRepeatedEigenvalue" classname="org.apache.commons.math3.linear.EigenDecompositionTest" time="0"/>
  <testcase name="testAEqualVDVt" classname="org.apache.commons.math3.linear.EigenDecompositionTest" time="0.001"/>
  <testcase name="testMath308" classname="org.apache.commons.math3.linear.EigenDecompositionTest" time="0"/>
  <testcase name="testMath848" classname="org.apache.commons.math3.linear.EigenDecompositionTest" time="0.001"/>
  <testcase name="testDiagonal" classname="org.apache.commons.math3.linear.EigenDecompositionTest" time="0.001"/>
  <testcase name="testSymmetric" classname="org.apache.commons.math3.linear.EigenDecompositionTest" time="0"/>
  <testcase name="testDistinctEigenvalues" classname="org.apache.commons.math3.linear.EigenDecompositionTest" time="0"/>
  <testcase name="testVOrthogonal" classname="org.apache.commons.math3.linear.EigenDecompositionTest" time="0"/>
  <testcase name="testSquareRoot" classname="org.apache.commons.math3.linear.EigenDecompositionTest" time="0"/>
  <testcase name="testDimension3MultipleRoot" classname="org.apache.commons.math3.linear.EigenDecompositionTest" time="0"/>
  <testcase name="testMathpbx02" classname="org.apache.commons.math3.linear.EigenDecompositionTest" time="0.001"/>
  <testcase name="testMathpbx03" classname="org.apache.commons.math3.linear.EigenDecompositionTest" time="0"/>
  <testcase name="testBigMatrix" classname="org.apache.commons.math3.linear.EigenDecompositionTest" time="0.074"/>
  <testcase name="testDimension4WithSplit" classname="org.apache.commons.math3.linear.EigenDecompositionTest" time="0"/>
  <testcase name="testZeroDivide" classname="org.apache.commons.math3.linear.EigenDecompositionTest" time="0"/>
  <testcase name="testRandomUnsymmetricMatrix" classname="org.apache.commons.math3.linear.EigenDecompositionTest" time="0">
    <skipped/>
  </testcase>
</testsuite>