<?xml version="1.0" encoding="UTF-8"?>
<testsuite name="org.apache.commons.math3.geometry.euclidean.threed.FieldVector3DTest" time="0.102" tests="31" errors="0" skipped="0" failures="0">
  <properties>
[...]
</properties>
  <testcase name="testVectorialProducts" classname="org.apache.commons.math3.geometry.euclidean.threed.FieldVector3DTest" time="0"/>
  <testcase name="testAccurateCrossProduct" classname="org.apache.commons.math3.geometry.euclidean.threed.FieldVector3DTest" time="0"/>
  <testcase name="testCrossProductCancellation" classname="org.apache.commons.math3.geometry.euclidean.threed.FieldVector3DTest" time="0"/>
  <testcase name="testAdd" classname="org.apache.commons.math3.geometry.euclidean.threed.FieldVector3DTest" time="0.002"/>
  <testcase name="testNaN" classname="org.apache.commons.math3.geometry.euclidean.threed.FieldVector3DTest" time="0"/>
  <testcase name="testDistanceInf" classname="org.apache.commons.math3.geometry.euclidean.threed.FieldVector3DTest" time="0"/>
  <testcase name="testSubtract" classname="org.apache.commons.math3.geometry.euclidean.threed.FieldVector3DTest" time="0"/>
  <testcase name="testAngular" classname="org.apache.commons.math3.geometry.euclidean.threed.FieldVector3DTest" time="0"/>
  <testcase name="testAngle" classname="org.apache.commons.math3.geometry.euclidean.threed.FieldVector3DTest" time="0.001"/>
  <testcase name="testNorm1" classname="org.apache.commons.math3.geometry.euclidean.threed.FieldVector3DTest" time="0"/>
  <testcase name="testWrongDimension" classname="org.apache.commons.math3.geometry.euclidean.threed.FieldVector3DTest" time="0"/>
  <testcase name="testHash" classname="org.apache.commons.math3.geometry.euclidean.threed.FieldVector3DTest" time="0"/>
  <testcase name="testNorm" classname="org.apache.commons.math3.geometry.euclidean.threed.FieldVector3DTest" time="0"/>
  <testcase name="testToString" classname="org.apache.commons.math3.geometry.euclidean.threed.FieldVector3DTest" time="0"/>
  <testcase name="testConstructors" classname="org.apache.commons.math3.geometry.euclidean.threed.FieldVector3DTest" time="0.001"/>
  <testcase name="testScalarProduct" classname="org.apache.commons.math3.geometry.euclidean.threed.FieldVector3DTest" time="0"/>
  <testcase name="testDotProduct" classname="org.apache.commons.math3.geometry.euclidean.threed.FieldVector3DTest" time="0.043"/>
  <testcase name="testCrossProduct" classname="org.apache.commons.math3.geometry.euclidean.threed.FieldVector3DTest" time="0.053"/>
  <testcase name="testOrthogonal" classname="org.apache.commons.math3.geometry.euclidean.threed.FieldVector3DTest" time="0"/>
  <testcase name="testAngularSeparation" classname="org.apache.commons.math3.geometry.euclidean.threed.FieldVector3DTest" time="0.001"/>
  <testcase name="testInfinite" classname="org.apache.commons.math3.geometry.euclidean.threed.FieldVector3DTest" time="0"/>
  <testcase name="testNormalize" classname="org.apache.commons.math3.geometry.euclidean.threed.FieldVector3DTest" time="0"/>
  <testcase name="testDistance" classname="org.apache.commons.math3.geometry.euclidean.threed.FieldVector3DTest" time="0"/>
  <testcase name="testDistance1" classname="org.apache.commons.math3.geometry.euclidean.threed.FieldVector3DTest" time="0"/>
  <testcase name="testCoordinates" classname="org.apache.commons.math3.geometry.euclidean.threed.FieldVector3DTest" time="0"/>
  <testcase name="testEquals" classname="org.apache.commons.math3.geometry.euclidean.threed.FieldVector3DTest" time="0.001"/>
  <testcase name="testAccurateDotProduct" classname="org.apache.commons.math3.geometry.euclidean.threed.FieldVector3DTest" time="0"/>
  <testcase name="testNegate" classname="org.apache.commons.math3.geometry.euclidean.threed.FieldVector3DTest" time="0"/>
  <testcase name="testNormSq" classname="org.apache.commons.math3.geometry.euclidean.threed.FieldVector3DTest" time="0"/>
  <testcase name="testDistanceSq" classname="org.apache.commons.math3.geometry.euclidean.threed.FieldVector3DTest" time="0"/>
  <testcase name="testNormInf" classname="org.apache.commons.math3.geometry.euclidean.threed.FieldVector3DTest" time="0"/>
</testsuite>