<?xml version="1.0" encoding="UTF-8"?>
<testsuite name="org.apache.commons.math3.stat.descriptive.summary.SumSqTest" time="0.001" tests="13" errors="0" skipped="0" failures="0">
  <properties>
[...]
</properties>
  <testcase name="testSpecialValues" classname="org.apache.commons.math3.stat.descriptive.summary.SumSqTest" time="0"/>
  <testcase name="testMomentSmallSamples" classname="org.apache.commons.math3.stat.descriptive.summary.SumSqTest" time="0"/>
  <testcase name="testSerialization" classname="org.apache.commons.math3.stat.descriptive.summary.SumSqTest" time="0"/>
  <testcase name="testIncrementation" classname="org.apache.commons.math3.stat.descriptive.summary.SumSqTest" time="0.001"/>
  <testcase name="testConsistency" classname="org.apache.commons.math3.stat.descriptive.summary.SumSqTest" time="0"/>
  <testcase name="testEqualsAndHashCode" classname="org.apache.commons.math3.stat.descriptive.summary.SumSqTest" time="0"/>
  <testcase name="testCopyConsistency" classname="org.apache.commons.math3.stat.descriptive.summary.SumSqTest" time="0"/>
  <testcase name="testSerial" classname="org.apache.commons.math3.stat.descriptive.summary.SumSqTest" time="0"/>
  <testcase name="testCopy" classname="org.apache.commons.math3.stat.descriptive.summary.SumSqTest" time="0"/>
  <testcase name="testEvaluation" classname="org.apache.commons.math3.stat.descriptive.summary.SumSqTest" time="0"/>
  <testcase name="testEvaluateArraySegment" classname="org.apache.commons.math3.stat.descriptive.summary.SumSqTest" time="0"/>
  <testcase name="testWeightedConsistency" classname="org.apache.commons.math3.stat.descriptive.summary.SumSqTest" time="0"/>
  <testcase name="testEvaluateArraySegmentWeighted" classname="org.apache.commons.math3.stat.descriptive.summary.SumSqTest" time="0"/>
</testsuite>