<?xml version="1.0" encoding="UTF-8"?>
<testsuite name="org.apache.commons.math3.analysis.integration.gauss.LegendreParametricTest" time="0.002" tests="30" errors="0" skipped="0" failures="0">
  <properties>
[...]
</properties>
  <testcase name="testAllMonomials[0]" classname="org.apache.commons.math3.analysis.integration.gauss.LegendreParametricTest" time="0"/>
  <testcase name="testAllMonomials[1]" classname="org.apache.commons.math3.analysis.integration.gauss.LegendreParametricTest" time="0"/>
  <testcase name="testAllMonomials[2]" classname="org.apache.commons.math3.analysis.integration.gauss.LegendreParametricTest" time="0"/>
  <testcase name="testAllMonomials[3]" classname="org.apache.commons.math3.analysis.integration.gauss.LegendreParametricTest" time="0"/>
  <testcase name="testAllMonomials[4]" classname="org.apache.commons.math3.analysis.integration.gauss.LegendreParametricTest" time="0"/>
  <testcase name="testAllMonomials[5]" classname="org.apache.commons.math3.analysis.integration.gauss.LegendreParametricTest" time="0"/>
  <testcase name="testAllMonomials[6]" classname="org.apache.commons.math3.analysis.integration.gauss.LegendreParametricTest" time="0"/>
  <testcase name="testAllMonomials[7]" classname="org.apache.commons.math3.analysis.integration.gauss.LegendreParametricTest" time="0"/>
  <testcase name="testAllMonomials[8]" classname="org.apache.commons.math3.analysis.integration.gauss.LegendreParametricTest" time="0"/>
  <testcase name="testAllMonomials[9]" classname="org.apache.commons.math3.analysis.integration.gauss.LegendreParametricTest" time="0"/>
  <testcase name="testAllMonomials[10]" classname="org.apache.commons.math3.analysis.integration.gauss.LegendreParametricTest" time="0"/>
  <testcase name="testAllMonomials[11]" classname="org.apache.commons.math3.analysis.integration.gauss.LegendreParametricTest" time="0"/>
  <testcase name="testAllMonomials[12]" classname="org.apache.commons.math3.analysis.integration.gauss.LegendreParametricTest" time="0"/>
  <testcase name="testAllMonomials[13]" classname="org.apache.commons.math3.analysis.integration.gauss.LegendreParametricTest" time="0"/>
  <testcase name="testAllMonomials[14]" classname="org.apache.commons.math3.analysis.integration.gauss.LegendreParametricTest" time="0"/>
  <testcase name="testAllMonomials[15]" classname="org.apache.commons.math3.analysis.integration.gauss.LegendreParametricTest" time="0.001"/>
  <testcase name="testAllMonomials[16]" classname="org.apache.commons.math3.analysis.integration.gauss.LegendreParametricTest" time="0"/>
  <testcase name="testAllMonomials[17]" classname="org.apache.commons.math3.analysis.integration.gauss.LegendreParametricTest" time="0"/>
  <testcase name="testAllMonomials[18]" classname="org.apache.commons.math3.analysis.integration.gauss.LegendreParametricTest" time="0"/>
  <testcase name="testAllMonomials[19]" classname="org.apache.commons.math3.analysis.integration.gauss.LegendreParametricTest" time="0"/>
  <testcase name="testAllMonomials[20]" classname="org.apache.commons.math3.analysis.integration.gauss.LegendreParametricTest" time="0"/>
  <testcase name="testAllMonomials[21]" classname="org.apache.commons.math3.analysis.integration.gauss.LegendreParametricTest" time="0"/>
  <testcase name="testAllMonomials[22]" classname="org.apache.commons.math3.analysis.integration.gauss.LegendreParametricTest" time="0"/>
  <testcase name="testAllMonomials[23]" classname="org.apache.commons.math3.analysis.integration.gauss.LegendreParametricTest" time="0"/>
  <testcase name="testAllMonomials[24]" classname="org.apache.commons.math3.analysis.integration.gauss.LegendreParametricTest" time="0.001"/>
  <testcase name="testAllMonomials[25]" classname="org.apache.commons.math3.analysis.integration.gauss.LegendreParametricTest" time="0"/>
  <testcase name="testAllMonomials[26]" classname="org.apache.commons.math3.analysis.integration.gauss.LegendreParametricTest" time="0"/>
  <testcase name="testAllMonomials[27]" classname="org.apache.commons.math3.analysis.integration.gauss.LegendreParametricTest" time="0"/>
  <testcase name="testAllMonomials[28]" classname="org.apache.commons.math3.analysis.integration.gauss.LegendreParametricTest" time="0"/>
  <testcase name="testAllMonomials[29]" classname="org.apache.commons.math3.analysis.integration.gauss.LegendreParametricTest" time="0"/>
</testsuite>