<?xml version="1.0" encoding="UTF-8" ?>
<testsuite tests="34" failures="0" name="org.apache.commons.codec.language.MetaphoneTest" time="0.023" errors="0" skipped="0">
  <properties>
[...]
</properties>
  <testcase classname="org.apache.commons.codec.language.MetaphoneTest" name="testTranslateOfSCHAndCH" time="0"/>
  <testcase classname="org.apache.commons.codec.language.MetaphoneTest" name="testTranslateToJOfDGEOrDGIOrDGY" time="0"/>
  <testcase classname="org.apache.commons.codec.language.MetaphoneTest" name="testTCH" time="0.001"/>
  <testcase classname="org.apache.commons.codec.language.MetaphoneTest" name="testWhy" time="0"/>
  <testcase classname="org.apache.commons.codec.language.MetaphoneTest" name="testIsMetaphoneEqual1" time="0"/>
  <testcase classname="org.apache.commons.codec.language.MetaphoneTest" name="testIsMetaphoneEqual2" time="0"/>
  <testcase classname="org.apache.commons.codec.language.MetaphoneTest" name="testPHTOF" time="0"/>
  <testcase classname="org.apache.commons.codec.language.MetaphoneTest" name="testDiscardOfSilentGN" time="0.001"/>
  <testcase classname="org.apache.commons.codec.language.MetaphoneTest" name="testIsMetaphoneEqualParis" time="0"/>
  <testcase classname="org.apache.commons.codec.language.MetaphoneTest" name="testIsMetaphoneEqualPeter" time="0.001"/>
  <testcase classname="org.apache.commons.codec.language.MetaphoneTest" name="testIsMetaphoneEqualSusan" time="0.001"/>
  <testcase classname="org.apache.commons.codec.language.MetaphoneTest" name="testIsMetaphoneEqualWhite" time="0.001"/>
  <testcase classname="org.apache.commons.codec.language.MetaphoneTest" name="testIsMetaphoneEqualXalan" time="0"/>
  <testcase classname="org.apache.commons.codec.language.MetaphoneTest" name="testIsMetaphoneEqualAlbert" time="0.001"/>
  <testcase classname="org.apache.commons.codec.language.MetaphoneTest" name="testIsMetaphoneEqualKnight" time="0.001"/>
  <testcase classname="org.apache.commons.codec.language.MetaphoneTest" name="testMetaphone" time="0"/>
  <testcase classname="org.apache.commons.codec.language.MetaphoneTest" name="testIsMetaphoneEqualWright" time="0"/>
  <testcase classname="org.apache.commons.codec.language.MetaphoneTest" name="testSHAndSIOAndSIAToX" time="0"/>
  <testcase classname="org.apache.commons.codec.language.MetaphoneTest" name="testSetMaxLengthWithTruncation" time="0.001"/>
  <testcase classname="org.apache.commons.codec.language.MetaphoneTest" name="testTIOAndTIAToX" time="0"/>
  <testcase classname="org.apache.commons.codec.language.MetaphoneTest" name="testExceedLength" time="0"/>
  <testcase classname="org.apache.commons.codec.language.MetaphoneTest" name="testWordEndingInMB" time="0"/>
  <testcase classname="org.apache.commons.codec.language.MetaphoneTest" name="testIsMetaphoneEqualAero" time="0"/>
  <testcase classname="org.apache.commons.codec.language.MetaphoneTest" name="testIsMetaphoneEqualGary" time="0.009"/>
  <testcase classname="org.apache.commons.codec.language.MetaphoneTest" name="testIsMetaphoneEqualJohn" time="0.002"/>
  <testcase classname="org.apache.commons.codec.language.MetaphoneTest" name="testIsMetaphoneEqualMary" time="0"/>
  <testcase classname="org.apache.commons.codec.language.MetaphoneTest" name="testDiscardOfSilentHAfterG" time="0"/>
  <testcase classname="org.apache.commons.codec.language.MetaphoneTest" name="testWordsWithCIA" time="0"/>
  <testcase classname="org.apache.commons.codec.language.MetaphoneTest" name="testDiscardOfSCEOrSCIOrSCY" time="0"/>
  <testcase classname="org.apache.commons.codec.language.MetaphoneTest" name="testIsMetaphoneEqualRay" time="0"/>
  <testcase classname="org.apache.commons.codec.language.MetaphoneTest" name="testEncodeWithInvalidObject" time="0.001"/>
  <testcase classname="org.apache.commons.codec.language.MetaphoneTest" name="testEncodeNull" time="0"/>
  <testcase classname="org.apache.commons.codec.language.MetaphoneTest" name="testEncodeEmpty" time="0"/>
  <testcase classname="org.apache.commons.codec.language.MetaphoneTest" name="testLocaleIndependence" time="0"/>
</testsuite>