<?xml version="1.0" encoding="UTF-8" ?>
<testsuite tests="3" failures="0" name="org.apache.commons.compress.archivers.zip.TestZipEncodings" time="0.004" errors="0" skipped="0">
  <properties>
[...]
</properties>
  <testcase classname="org.apache.commons.compress.archivers.zip.TestZipEncodings" name="testNioCp1252Encoding" time="0.001"/>
  <testcase classname="org.apache.commons.compress.archivers.zip.TestZipEncodings" name="testSimpleCp437Encoding" time="0"/>
  <testcase classname="org.apache.commons.compress.archivers.zip.TestZipEncodings" name="testSimpleCp850Encoding" time="0.001"/>
</testsuite>